C:\USERS\USER\DOCUMENTS\VISUAL STUDIO 2012\PROJECTS\OPENGL26\OPENGL26\RELEASE\VBOINDEXER.OBJ
C:\USERS\USER\DOCUMENTS\VISUAL STUDIO 2012\PROJECTS\OPENGL26\OPENGL26\RELEASE\QUATERNION_UTILS.OBJ
C:\USERS\USER\DOCUMENTS\VISUAL STUDIO 2012\PROJECTS\OPENGL26\OPENGL26\RELEASE\OBJLOADER.OBJ
C:\USERS\USER\DOCUMENTS\VISUAL STUDIO 2012\PROJECTS\OPENGL26\OPENGL26\RELEASE\MAIN.OBJ
C:\USERS\USER\DOCUMENTS\VISUAL STUDIO 2012\PROJECTS\OPENGL26\OPENGL26\RELEASE\LOAD_TEXTURES.OBJ
C:\USERS\USER\DOCUMENTS\VISUAL STUDIO 2012\PROJECTS\OPENGL26\OPENGL26\RELEASE\LOAD_SHADERS.OBJ
C:\USERS\USER\DOCUMENTS\VISUAL STUDIO 2012\PROJECTS\OPENGL26\OPENGL26\RELEASE\FBXLOADER.OBJ
C:\USERS\USER\DOCUMENTS\VISUAL STUDIO 2012\PROJECTS\OPENGL26\OPENGL26\RELEASE\CAMERA.OBJ
C:\USERS\USER\DOCUMENTS\VISUAL STUDIO 2012\PROJECTS\OPENGL26\OPENGL26\RELEASE\VC110.PDB
C:\USERS\USER\DOCUMENTS\VISUAL STUDIO 2012\PROJECTS\OPENGL26\RELEASE\OPENGL26.EXE
C:\Users\User\Documents\Visual Studio 2012\Projects\OpenGL26\OpenGL26\Release\Camera.obj
C:\Users\User\Documents\Visual Studio 2012\Projects\OpenGL26\OpenGL26\Release\fbxloader.obj
C:\Users\User\Documents\Visual Studio 2012\Projects\OpenGL26\OpenGL26\Release\load_shaders.obj
C:\Users\User\Documents\Visual Studio 2012\Projects\OpenGL26\OpenGL26\Release\load_textures.obj
C:\Users\User\Documents\Visual Studio 2012\Projects\OpenGL26\OpenGL26\Release\Main.obj
C:\Users\User\Documents\Visual Studio 2012\Projects\OpenGL26\OpenGL26\Release\objloader.obj
C:\Users\User\Documents\Visual Studio 2012\Projects\OpenGL26\OpenGL26\Release\quaternion_utils.obj
C:\Users\User\Documents\Visual Studio 2012\Projects\OpenGL26\OpenGL26\Release\vboindexer.obj
C:\Users\User\Documents\Visual Studio 2012\Projects\OpenGL26\OpenGL26\Release\cl.command.1.tlog
C:\Users\User\Documents\Visual Studio 2012\Projects\OpenGL26\OpenGL26\Release\CL.read.1.tlog
C:\Users\User\Documents\Visual Studio 2012\Projects\OpenGL26\OpenGL26\Release\CL.write.1.tlog
C:\Users\User\Documents\Visual Studio 2012\Projects\OpenGL26\OpenGL26\Release\link-cvtres.read.1.tlog
C:\Users\User\Documents\Visual Studio 2012\Projects\OpenGL26\OpenGL26\Release\link-cvtres.write.1.tlog
C:\Users\User\Documents\Visual Studio 2012\Projects\OpenGL26\OpenGL26\Release\link-rc.read.1.tlog
C:\Users\User\Documents\Visual Studio 2012\Projects\OpenGL26\OpenGL26\Release\link-rc.write.1.tlog
C:\Users\User\Documents\Visual Studio 2012\Projects\OpenGL26\OpenGL26\Release\link.command.1.tlog
C:\Users\User\Documents\Visual Studio 2012\Projects\OpenGL26\OpenGL26\Release\link.read.1.tlog
C:\Users\User\Documents\Visual Studio 2012\Projects\OpenGL26\OpenGL26\Release\link.write.1.tlog
C:\Users\User\Documents\Visual Studio 2012\Projects\OpenGL26\OpenGL26\Release\vc110.pdb
C:\Users\User\Documents\Visual Studio 2012\Projects\OpenGL26\Release\OpenGL26.exe
